<?xml version="1.0" encoding="UTF-8"?>
<!-- Generated by org.testng.reporters.JUnitReportReporter -->
<testsuite hostname="Akshatha-B" failures="0" tests="1" name="RestAssuredAuthentication" time="2.966" errors="0" timestamp="2024-01-24T23:13:26 IST" skipped="0">
  <testcase classname="RestAssuredAuthentication" name="Authentication" time="2.966"/>
</testsuite> <!-- RestAssuredAuthentication -->
