<?xml version="1.0" encoding="UTF-8"?>
<!-- Generated by org.testng.reporters.JUnitReportReporter -->
<testsuite hostname="Akshatha-B" failures="0" tests="3" name="datadriventesting.Datadriven_AddEmployee" time="4.997" errors="0" timestamp="2024-01-24T23:14:57 IST" skipped="0">
  <testcase classname="datadriventesting.Datadriven_AddEmployee" name="AddEmployee" time="1.176"/>
  <testcase classname="datadriventesting.Datadriven_AddEmployee" name="AddEmployee" time="1.120"/>
  <testcase classname="datadriventesting.Datadriven_AddEmployee" name="AddEmployee" time="2.701"/>
</testsuite> <!-- datadriventesting.Datadriven_AddEmployee -->
