<?xml version="1.0" encoding="UTF-8"?>
<!-- Generated by org.testng.reporters.JUnitReportReporter -->
<testsuite hostname="Akshatha-B" failures="0" tests="1" name="GetExample" time="3.285" errors="0" timestamp="2024-01-22T23:02:21 IST" skipped="0">
  <testcase classname="GetExample" name="getEmployeeDetails" time="3.285"/>
</testsuite> <!-- GetExample -->
