<?xml version="1.0" encoding="UTF-8"?>
<!-- Generated by org.testng.reporters.JUnitReportReporter -->
<testsuite hostname="Akshatha-B" failures="0" tests="1" name="Demo01_GetRequest" time="3.489" errors="0" timestamp="2024-01-24T23:10:09 IST" skipped="0">
  <testcase classname="Demo01_GetRequest" name="getWeatherDetails" time="3.489"/>
</testsuite> <!-- Demo01_GetRequest -->
