<?xml version="1.0" encoding="UTF-8"?>
<!-- Generated by org.testng.reporters.JUnitReportReporter -->
<testsuite hostname="Akshatha-B" failures="0" tests="1" name="GoogleAPIDemo" time="2.425" errors="0" timestamp="2024-01-24T23:12:37 IST" skipped="0">
  <testcase classname="GoogleAPIDemo" name="GoogleAPI" time="2.425"/>
</testsuite> <!-- GoogleAPIDemo -->
