<?xml version="1.0" encoding="UTF-8"?>
<!-- Generated by org.testng.reporters.JUnitReportReporter -->
<testsuite hostname="Akshatha-B" failures="0" tests="1" name="Demo_PutRequest" time="2.726" errors="0" timestamp="2024-01-24T23:11:29 IST" skipped="0">
  <testcase classname="Demo_PutRequest" name="UpdateEmployeeDetails" time="2.726"/>
</testsuite> <!-- Demo_PutRequest -->
