<?xml version="1.0" encoding="UTF-8"?>
<!-- Generated by org.testng.reporters.JUnitReportReporter -->
<testsuite hostname="Akshatha-B" failures="0" tests="1" name="Demo02_Post" time="2.944" errors="0" timestamp="2024-01-24T23:10:58 IST" skipped="0">
  <testcase classname="Demo02_Post" name="AddEmployee" time="2.944"/>
</testsuite> <!-- Demo02_Post -->
