<?xml version="1.0" encoding="UTF-8"?>
<!-- Generated by org.testng.reporters.JUnitReportReporter -->
<testsuite hostname="Akshatha-B" failures="0" tests="1" name="Demo_DeleteRequest" time="2.589" errors="0" timestamp="2024-01-24T23:12:14 IST" skipped="0">
  <testcase classname="Demo_DeleteRequest" name="DeleteEmployeeData" time="2.589"/>
</testsuite> <!-- Demo_DeleteRequest -->
