<?xml version="1.0" encoding="UTF-8"?>
<!-- Generated by org.testng.reporters.JUnitReportReporter -->
<testsuite hostname="Akshatha-B" failures="0" tests="1" name="ValidatingJsonResponse" time="2.089" errors="0" timestamp="2024-01-24T23:14:23 IST" skipped="0">
  <testcase classname="ValidatingJsonResponse" name="ValidateResponse" time="2.089"/>
</testsuite> <!-- ValidatingJsonResponse -->
