<?xml version="1.0" encoding="UTF-8"?>
<!-- Generated by org.testng.reporters.JUnitReportReporter -->
<testsuite hostname="Akshatha-B" failures="0" tests="1" name="ValidateAllResponse" time="7.414" errors="0" timestamp="2024-01-24T23:13:52 IST" skipped="0">
  <testcase classname="ValidateAllResponse" name="ValidateAllResponse" time="7.414"/>
</testsuite> <!-- ValidateAllResponse -->
